{"uid":"782981d7c74d6892","name":"Verify search for an item LIST view","fullName":"Verify search functionality: Verify search for an item LIST view","historyId":"d9100054d37e9b9115c197ebc35a0815","time":{"start":1676632921984,"stop":1676632922700,"duration":716},"status":"broken","statusMessage":"Error {\n  message='net::ERR_CONNECTION_REFUSED at https://magento.softwaretestingboard.com/\n=========================== logs ===========================\nnavigating to \"https://magento.softwaretestingboard.com/\", waiting until \"load\"\n============================================================\n  name='Error\n  stack='Error: net::ERR_CONNECTION_REFUSED at https://magento.softwaretestingboard.com/\n=========================== logs ===========================\nnavigating to \"https://magento.softwaretestingboard.com/\", waiting until \"load\"\n============================================================\n    at FrameSession._navigate (/tmp/playwright-java-8286698896805350339/package/lib/server/chromium/crPage.js:509:35)\n    at async Frame._gotoAction (/tmp/playwright-java-8286698896805350339/package/lib/server/frames.js:542:28)\n    at async ProgressController.run (/tmp/playwright-java-8286698896805350339/package/lib/server/progress.js:97:22)\n    at async FrameDispatcher.goto (/tmp/playwright-java-8286698896805350339/package/lib/server/dispatchers/frameDispatcher.js:75:103)\n    at async DispatcherConnection.dispatch (/tmp/playwright-java-8286698896805350339/package/lib/server/dispatchers/dispatcher.js:317:22)\n}","statusTrace":"com.microsoft.playwright.PlaywrightException: Error {\n  message='net::ERR_CONNECTION_REFUSED at https://magento.softwaretestingboard.com/\n=========================== logs ===========================\nnavigating to \"https://magento.softwaretestingboard.com/\", waiting until \"load\"\n============================================================\n  name='Error\n  stack='Error: net::ERR_CONNECTION_REFUSED at https://magento.softwaretestingboard.com/\n=========================== logs ===========================\nnavigating to \"https://magento.softwaretestingboard.com/\", waiting until \"load\"\n============================================================\n    at FrameSession._navigate (/tmp/playwright-java-8286698896805350339/package/lib/server/chromium/crPage.js:509:35)\n    at async Frame._gotoAction (/tmp/playwright-java-8286698896805350339/package/lib/server/frames.js:542:28)\n    at async ProgressController.run (/tmp/playwright-java-8286698896805350339/package/lib/server/progress.js:97:22)\n    at async FrameDispatcher.goto (/tmp/playwright-java-8286698896805350339/package/lib/server/dispatchers/frameDispatcher.js:75:103)\n    at async DispatcherConnection.dispatch (/tmp/playwright-java-8286698896805350339/package/lib/server/dispatchers/dispatcher.js:317:22)\n}\n\tat com.microsoft.playwright.impl.WaitableResult.get(WaitableResult.java:54)\n\tat com.microsoft.playwright.impl.ChannelOwner.runUntil(ChannelOwner.java:111)\n\tat com.microsoft.playwright.impl.Connection.sendMessage(Connection.java:119)\n\tat com.microsoft.playwright.impl.ChannelOwner.sendMessage(ChannelOwner.java:102)\n\tat com.microsoft.playwright.impl.FrameImpl.navigateImpl(FrameImpl.java:462)\n\tat com.microsoft.playwright.impl.PageImpl.lambda$navigate$44(PageImpl.java:845)\n\tat com.microsoft.playwright.impl.LoggingSupport.withLogging(LoggingSupport.java:47)\n\tat com.microsoft.playwright.impl.ChannelOwner.withLogging(ChannelOwner.java:87)\n\tat com.microsoft.playwright.impl.PageImpl.navigate(PageImpl.java:845)\n\tat com.microsoft.playwright.impl.PageImpl.navigate(PageImpl.java:41)\n\tat com.microsoft.playwright.Page.navigate(Page.java:4863)\n\tat org.eugens21.luma.steps.HomePageSteps.userNavigatesToPage(HomePageSteps.java:40)\n\tat ✽.user navigates to home page(file:///home/runner/work/playwright/playwright/src/test/resources/features/SearchResultsTest.feature:5)\nCaused by: com.microsoft.playwright.impl.DriverException: Error {\n  message='net::ERR_CONNECTION_REFUSED at https://magento.softwaretestingboard.com/\n=========================== logs ===========================\nnavigating to \"https://magento.softwaretestingboard.com/\", waiting until \"load\"\n============================================================\n  name='Error\n  stack='Error: net::ERR_CONNECTION_REFUSED at https://magento.softwaretestingboard.com/\n=========================== logs ===========================\nnavigating to \"https://magento.softwaretestingboard.com/\", waiting until \"load\"\n============================================================\n    at FrameSession._navigate (/tmp/playwright-java-8286698896805350339/package/lib/server/chromium/crPage.js:509:35)\n    at async Frame._gotoAction (/tmp/playwright-java-8286698896805350339/package/lib/server/frames.js:542:28)\n    at async ProgressController.run (/tmp/playwright-java-8286698896805350339/package/lib/server/progress.js:97:22)\n    at async FrameDispatcher.goto (/tmp/playwright-java-8286698896805350339/package/lib/server/dispatchers/frameDispatcher.js:75:103)\n    at async DispatcherConnection.dispatch (/tmp/playwright-java-8286698896805350339/package/lib/server/dispatchers/dispatcher.js:317:22)\n}\n\tat com.microsoft.playwright.impl.Connection.dispatch(Connection.java:201)\n\tat com.microsoft.playwright.impl.Connection.processOneMessage(Connection.java:181)\n\tat com.microsoft.playwright.impl.ChannelOwner.runUntil(ChannelOwner.java:109)\n\tat com.microsoft.playwright.impl.Connection.sendMessage(Connection.java:119)\n\tat com.microsoft.playwright.impl.ChannelOwner.sendMessage(ChannelOwner.java:102)\n\tat com.microsoft.playwright.impl.FrameImpl.navigateImpl(FrameImpl.java:462)\n\tat com.microsoft.playwright.impl.PageImpl.lambda$navigate$44(PageImpl.java:845)\n\tat com.microsoft.playwright.impl.LoggingSupport.withLogging(LoggingSupport.java:47)\n\tat com.microsoft.playwright.impl.ChannelOwner.withLogging(ChannelOwner.java:87)\n\tat com.microsoft.playwright.impl.PageImpl.navigate(PageImpl.java:845)\n\tat com.microsoft.playwright.impl.PageImpl.navigate(PageImpl.java:41)\n\tat com.microsoft.playwright.Page.navigate(Page.java:4863)\n\tat org.eugens21.luma.steps.HomePageSteps.userNavigatesToPage(HomePageSteps.java:40)\n\tat java.base/jdk.internal.reflect.NativeMethodAccessorImpl.invoke0(Native Method)\n\tat java.base/jdk.internal.reflect.NativeMethodAccessorImpl.invoke(NativeMethodAccessorImpl.java:77)\n\tat java.base/jdk.internal.reflect.DelegatingMethodAccessorImpl.invoke(DelegatingMethodAccessorImpl.java:43)\n\tat java.base/java.lang.reflect.Method.invoke(Method.java:568)\n\tat io.cucumber.java.Invoker.doInvoke(Invoker.java:66)\n\tat io.cucumber.java.Invoker.invoke(Invoker.java:24)\n\tat io.cucumber.java.AbstractGlueDefinition.invokeMethod(AbstractGlueDefinition.java:47)\n\tat io.cucumber.java.JavaStepDefinition.execute(JavaStepDefinition.java:29)\n\tat io.cucumber.core.runner.CoreStepDefinition.execute(CoreStepDefinition.java:66)\n\tat io.cucumber.core.runner.PickleStepDefinitionMatch.runStep(PickleStepDefinitionMatch.java:63)\n\tat io.cucumber.core.runner.ExecutionMode$1.execute(ExecutionMode.java:10)\n\tat io.cucumber.core.runner.TestStep.executeStep(TestStep.java:85)\n\tat io.cucumber.core.runner.TestStep.run(TestStep.java:57)\n\tat io.cucumber.core.runner.PickleStepTestStep.run(PickleStepTestStep.java:51)\n\tat io.cucumber.core.runner.TestCase.run(TestCase.java:84)\n\tat io.cucumber.core.runner.Runner.runPickle(Runner.java:75)\n\tat io.cucumber.testng.TestNGCucumberRunner.lambda$runScenario$1(TestNGCucumberRunner.java:132)\n\tat io.cucumber.core.runtime.CucumberExecutionContext.lambda$runTestCase$5(CucumberExecutionContext.java:129)\n\tat io.cucumber.core.runtime.RethrowingThrowableCollector.executeAndThrow(RethrowingThrowableCollector.java:23)\n\tat io.cucumber.core.runtime.CucumberExecutionContext.runTestCase(CucumberExecutionContext.java:129)\n\tat io.cucumber.testng.TestNGCucumberRunner.runScenario(TestNGCucumberRunner.java:129)\n\tat io.cucumber.testng.AbstractTestNGCucumberTests.runScenario(AbstractTestNGCucumberTests.java:35)\n\tat java.base/jdk.internal.reflect.NativeMethodAccessorImpl.invoke0(Native Method)\n\tat java.base/jdk.internal.reflect.NativeMethodAccessorImpl.invoke(NativeMethodAccessorImpl.java:77)\n\tat java.base/jdk.internal.reflect.DelegatingMethodAccessorImpl.invoke(DelegatingMethodAccessorImpl.java:43)\n\tat java.base/java.lang.reflect.Method.invoke(Method.java:568)\n\tat org.testng.internal.invokers.MethodInvocationHelper.invokeMethod(MethodInvocationHelper.java:139)\n\tat org.testng.internal.invokers.TestInvoker.invokeMethod(TestInvoker.java:677)\n\tat org.testng.internal.invokers.TestInvoker.invokeTestMethod(TestInvoker.java:221)\n\tat org.testng.internal.invokers.MethodRunner.runInSequence(MethodRunner.java:50)\n\tat org.testng.internal.invokers.TestInvoker$MethodInvocationAgent.invoke(TestInvoker.java:969)\n\tat org.testng.internal.invokers.TestInvoker.invokeTestMethods(TestInvoker.java:194)\n\tat org.testng.internal.invokers.TestMethodWorker.invokeTestMethods(TestMethodWorker.java:148)\n\tat org.testng.internal.invokers.TestMethodWorker.run(TestMethodWorker.java:128)\n\tat java.base/java.util.ArrayList.forEach(ArrayList.java:1511)\n\tat org.testng.TestRunner.privateRun(TestRunner.java:829)\n\tat org.testng.TestRunner.run(TestRunner.java:602)\n\tat org.testng.SuiteRunner.runTest(SuiteRunner.java:437)\n\tat org.testng.SuiteRunner.runSequentially(SuiteRunner.java:431)\n\tat org.testng.SuiteRunner.privateRun(SuiteRunner.java:391)\n\tat org.testng.SuiteRunner.run(SuiteRunner.java:330)\n\tat org.testng.SuiteRunnerWorker.runSuite(SuiteRunnerWorker.java:52)\n\tat org.testng.SuiteRunnerWorker.run(SuiteRunnerWorker.java:95)\n\tat org.testng.TestNG.runSuitesSequentially(TestNG.java:1256)\n\tat org.testng.TestNG.runSuitesLocally(TestNG.java:1176)\n\tat org.testng.TestNG.runSuites(TestNG.java:1099)\n\tat org.testng.TestNG.run(TestNG.java:1067)\n\tat org.apache.maven.surefire.testng.TestNGExecutor.run(TestNGExecutor.java:151)\n\tat org.apache.maven.surefire.testng.TestNGDirectoryTestSuite.executeSingleClass(TestNGDirectoryTestSuite.java:111)\n\tat org.apache.maven.surefire.testng.TestNGDirectoryTestSuite.execute(TestNGDirectoryTestSuite.java:98)\n\tat org.apache.maven.surefire.testng.TestNGProvider.invoke(TestNGProvider.java:155)\n\tat org.apache.maven.surefire.booter.ForkedBooter.runSuitesInProcess(ForkedBooter.java:456)\n\tat org.apache.maven.surefire.booter.ForkedBooter.execute(ForkedBooter.java:169)\n\tat org.apache.maven.surefire.booter.ForkedBooter.run(ForkedBooter.java:595)\n\tat org.apache.maven.surefire.booter.ForkedBooter.main(ForkedBooter.java:581)\n","flaky":false,"newFailed":false,"newBroken":false,"newPassed":false,"retriesCount":0,"retriesStatusChange":false,"beforeStages":[{"name":"org.eugens21.luma.hook.BrowserHooks.openTrace(io.cucumber.java.Scenario)","time":{"start":1676632921984,"stop":1676632921992,"duration":8},"status":"passed","steps":[],"attachments":[],"parameters":[],"stepsCount":0,"attachmentsCount":0,"shouldDisplayMessage":false,"hasContent":false}],"testStage":{"status":"broken","statusMessage":"Error {\n  message='net::ERR_CONNECTION_REFUSED at https://magento.softwaretestingboard.com/\n=========================== logs ===========================\nnavigating to \"https://magento.softwaretestingboard.com/\", waiting until \"load\"\n============================================================\n  name='Error\n  stack='Error: net::ERR_CONNECTION_REFUSED at https://magento.softwaretestingboard.com/\n=========================== logs ===========================\nnavigating to \"https://magento.softwaretestingboard.com/\", waiting until \"load\"\n============================================================\n    at FrameSession._navigate (/tmp/playwright-java-8286698896805350339/package/lib/server/chromium/crPage.js:509:35)\n    at async Frame._gotoAction (/tmp/playwright-java-8286698896805350339/package/lib/server/frames.js:542:28)\n    at async ProgressController.run (/tmp/playwright-java-8286698896805350339/package/lib/server/progress.js:97:22)\n    at async FrameDispatcher.goto (/tmp/playwright-java-8286698896805350339/package/lib/server/dispatchers/frameDispatcher.js:75:103)\n    at async DispatcherConnection.dispatch (/tmp/playwright-java-8286698896805350339/package/lib/server/dispatchers/dispatcher.js:317:22)\n}","statusTrace":"com.microsoft.playwright.PlaywrightException: Error {\n  message='net::ERR_CONNECTION_REFUSED at https://magento.softwaretestingboard.com/\n=========================== logs ===========================\nnavigating to \"https://magento.softwaretestingboard.com/\", waiting until \"load\"\n============================================================\n  name='Error\n  stack='Error: net::ERR_CONNECTION_REFUSED at https://magento.softwaretestingboard.com/\n=========================== logs ===========================\nnavigating to \"https://magento.softwaretestingboard.com/\", waiting until \"load\"\n============================================================\n    at FrameSession._navigate (/tmp/playwright-java-8286698896805350339/package/lib/server/chromium/crPage.js:509:35)\n    at async Frame._gotoAction (/tmp/playwright-java-8286698896805350339/package/lib/server/frames.js:542:28)\n    at async ProgressController.run (/tmp/playwright-java-8286698896805350339/package/lib/server/progress.js:97:22)\n    at async FrameDispatcher.goto (/tmp/playwright-java-8286698896805350339/package/lib/server/dispatchers/frameDispatcher.js:75:103)\n    at async DispatcherConnection.dispatch (/tmp/playwright-java-8286698896805350339/package/lib/server/dispatchers/dispatcher.js:317:22)\n}\n\tat com.microsoft.playwright.impl.WaitableResult.get(WaitableResult.java:54)\n\tat com.microsoft.playwright.impl.ChannelOwner.runUntil(ChannelOwner.java:111)\n\tat com.microsoft.playwright.impl.Connection.sendMessage(Connection.java:119)\n\tat com.microsoft.playwright.impl.ChannelOwner.sendMessage(ChannelOwner.java:102)\n\tat com.microsoft.playwright.impl.FrameImpl.navigateImpl(FrameImpl.java:462)\n\tat com.microsoft.playwright.impl.PageImpl.lambda$navigate$44(PageImpl.java:845)\n\tat com.microsoft.playwright.impl.LoggingSupport.withLogging(LoggingSupport.java:47)\n\tat com.microsoft.playwright.impl.ChannelOwner.withLogging(ChannelOwner.java:87)\n\tat com.microsoft.playwright.impl.PageImpl.navigate(PageImpl.java:845)\n\tat com.microsoft.playwright.impl.PageImpl.navigate(PageImpl.java:41)\n\tat com.microsoft.playwright.Page.navigate(Page.java:4863)\n\tat org.eugens21.luma.steps.HomePageSteps.userNavigatesToPage(HomePageSteps.java:40)\n\tat ✽.user navigates to home page(file:///home/runner/work/playwright/playwright/src/test/resources/features/SearchResultsTest.feature:5)\nCaused by: com.microsoft.playwright.impl.DriverException: Error {\n  message='net::ERR_CONNECTION_REFUSED at https://magento.softwaretestingboard.com/\n=========================== logs ===========================\nnavigating to \"https://magento.softwaretestingboard.com/\", waiting until \"load\"\n============================================================\n  name='Error\n  stack='Error: net::ERR_CONNECTION_REFUSED at https://magento.softwaretestingboard.com/\n=========================== logs ===========================\nnavigating to \"https://magento.softwaretestingboard.com/\", waiting until \"load\"\n============================================================\n    at FrameSession._navigate (/tmp/playwright-java-8286698896805350339/package/lib/server/chromium/crPage.js:509:35)\n    at async Frame._gotoAction (/tmp/playwright-java-8286698896805350339/package/lib/server/frames.js:542:28)\n    at async ProgressController.run (/tmp/playwright-java-8286698896805350339/package/lib/server/progress.js:97:22)\n    at async FrameDispatcher.goto (/tmp/playwright-java-8286698896805350339/package/lib/server/dispatchers/frameDispatcher.js:75:103)\n    at async DispatcherConnection.dispatch (/tmp/playwright-java-8286698896805350339/package/lib/server/dispatchers/dispatcher.js:317:22)\n}\n\tat com.microsoft.playwright.impl.Connection.dispatch(Connection.java:201)\n\tat com.microsoft.playwright.impl.Connection.processOneMessage(Connection.java:181)\n\tat com.microsoft.playwright.impl.ChannelOwner.runUntil(ChannelOwner.java:109)\n\tat com.microsoft.playwright.impl.Connection.sendMessage(Connection.java:119)\n\tat com.microsoft.playwright.impl.ChannelOwner.sendMessage(ChannelOwner.java:102)\n\tat com.microsoft.playwright.impl.FrameImpl.navigateImpl(FrameImpl.java:462)\n\tat com.microsoft.playwright.impl.PageImpl.lambda$navigate$44(PageImpl.java:845)\n\tat com.microsoft.playwright.impl.LoggingSupport.withLogging(LoggingSupport.java:47)\n\tat com.microsoft.playwright.impl.ChannelOwner.withLogging(ChannelOwner.java:87)\n\tat com.microsoft.playwright.impl.PageImpl.navigate(PageImpl.java:845)\n\tat com.microsoft.playwright.impl.PageImpl.navigate(PageImpl.java:41)\n\tat com.microsoft.playwright.Page.navigate(Page.java:4863)\n\tat org.eugens21.luma.steps.HomePageSteps.userNavigatesToPage(HomePageSteps.java:40)\n\tat java.base/jdk.internal.reflect.NativeMethodAccessorImpl.invoke0(Native Method)\n\tat java.base/jdk.internal.reflect.NativeMethodAccessorImpl.invoke(NativeMethodAccessorImpl.java:77)\n\tat java.base/jdk.internal.reflect.DelegatingMethodAccessorImpl.invoke(DelegatingMethodAccessorImpl.java:43)\n\tat java.base/java.lang.reflect.Method.invoke(Method.java:568)\n\tat io.cucumber.java.Invoker.doInvoke(Invoker.java:66)\n\tat io.cucumber.java.Invoker.invoke(Invoker.java:24)\n\tat io.cucumber.java.AbstractGlueDefinition.invokeMethod(AbstractGlueDefinition.java:47)\n\tat io.cucumber.java.JavaStepDefinition.execute(JavaStepDefinition.java:29)\n\tat io.cucumber.core.runner.CoreStepDefinition.execute(CoreStepDefinition.java:66)\n\tat io.cucumber.core.runner.PickleStepDefinitionMatch.runStep(PickleStepDefinitionMatch.java:63)\n\tat io.cucumber.core.runner.ExecutionMode$1.execute(ExecutionMode.java:10)\n\tat io.cucumber.core.runner.TestStep.executeStep(TestStep.java:85)\n\tat io.cucumber.core.runner.TestStep.run(TestStep.java:57)\n\tat io.cucumber.core.runner.PickleStepTestStep.run(PickleStepTestStep.java:51)\n\tat io.cucumber.core.runner.TestCase.run(TestCase.java:84)\n\tat io.cucumber.core.runner.Runner.runPickle(Runner.java:75)\n\tat io.cucumber.testng.TestNGCucumberRunner.lambda$runScenario$1(TestNGCucumberRunner.java:132)\n\tat io.cucumber.core.runtime.CucumberExecutionContext.lambda$runTestCase$5(CucumberExecutionContext.java:129)\n\tat io.cucumber.core.runtime.RethrowingThrowableCollector.executeAndThrow(RethrowingThrowableCollector.java:23)\n\tat io.cucumber.core.runtime.CucumberExecutionContext.runTestCase(CucumberExecutionContext.java:129)\n\tat io.cucumber.testng.TestNGCucumberRunner.runScenario(TestNGCucumberRunner.java:129)\n\tat io.cucumber.testng.AbstractTestNGCucumberTests.runScenario(AbstractTestNGCucumberTests.java:35)\n\tat java.base/jdk.internal.reflect.NativeMethodAccessorImpl.invoke0(Native Method)\n\tat java.base/jdk.internal.reflect.NativeMethodAccessorImpl.invoke(NativeMethodAccessorImpl.java:77)\n\tat java.base/jdk.internal.reflect.DelegatingMethodAccessorImpl.invoke(DelegatingMethodAccessorImpl.java:43)\n\tat java.base/java.lang.reflect.Method.invoke(Method.java:568)\n\tat org.testng.internal.invokers.MethodInvocationHelper.invokeMethod(MethodInvocationHelper.java:139)\n\tat org.testng.internal.invokers.TestInvoker.invokeMethod(TestInvoker.java:677)\n\tat org.testng.internal.invokers.TestInvoker.invokeTestMethod(TestInvoker.java:221)\n\tat org.testng.internal.invokers.MethodRunner.runInSequence(MethodRunner.java:50)\n\tat org.testng.internal.invokers.TestInvoker$MethodInvocationAgent.invoke(TestInvoker.java:969)\n\tat org.testng.internal.invokers.TestInvoker.invokeTestMethods(TestInvoker.java:194)\n\tat org.testng.internal.invokers.TestMethodWorker.invokeTestMethods(TestMethodWorker.java:148)\n\tat org.testng.internal.invokers.TestMethodWorker.run(TestMethodWorker.java:128)\n\tat java.base/java.util.ArrayList.forEach(ArrayList.java:1511)\n\tat org.testng.TestRunner.privateRun(TestRunner.java:829)\n\tat org.testng.TestRunner.run(TestRunner.java:602)\n\tat org.testng.SuiteRunner.runTest(SuiteRunner.java:437)\n\tat org.testng.SuiteRunner.runSequentially(SuiteRunner.java:431)\n\tat org.testng.SuiteRunner.privateRun(SuiteRunner.java:391)\n\tat org.testng.SuiteRunner.run(SuiteRunner.java:330)\n\tat org.testng.SuiteRunnerWorker.runSuite(SuiteRunnerWorker.java:52)\n\tat org.testng.SuiteRunnerWorker.run(SuiteRunnerWorker.java:95)\n\tat org.testng.TestNG.runSuitesSequentially(TestNG.java:1256)\n\tat org.testng.TestNG.runSuitesLocally(TestNG.java:1176)\n\tat org.testng.TestNG.runSuites(TestNG.java:1099)\n\tat org.testng.TestNG.run(TestNG.java:1067)\n\tat org.apache.maven.surefire.testng.TestNGExecutor.run(TestNGExecutor.java:151)\n\tat org.apache.maven.surefire.testng.TestNGDirectoryTestSuite.executeSingleClass(TestNGDirectoryTestSuite.java:111)\n\tat org.apache.maven.surefire.testng.TestNGDirectoryTestSuite.execute(TestNGDirectoryTestSuite.java:98)\n\tat org.apache.maven.surefire.testng.TestNGProvider.invoke(TestNGProvider.java:155)\n\tat org.apache.maven.surefire.booter.ForkedBooter.runSuitesInProcess(ForkedBooter.java:456)\n\tat org.apache.maven.surefire.booter.ForkedBooter.execute(ForkedBooter.java:169)\n\tat org.apache.maven.surefire.booter.ForkedBooter.run(ForkedBooter.java:595)\n\tat org.apache.maven.surefire.booter.ForkedBooter.main(ForkedBooter.java:581)\n","steps":[{"name":"Given  user navigates to home page","time":{"start":1676632921992,"stop":1676632922624,"duration":632},"status":"broken","statusMessage":"Error {\n  message='net::ERR_CONNECTION_REFUSED at https://magento.softwaretestingboard.com/\n=========================== logs ===========================\nnavigating to \"https://magento.softwaretestingboard.com/\", waiting until \"load\"\n============================================================\n  name='Error\n  stack='Error: net::ERR_CONNECTION_REFUSED at https://magento.softwaretestingboard.com/\n=========================== logs ===========================\nnavigating to \"https://magento.softwaretestingboard.com/\", waiting until \"load\"\n============================================================\n    at FrameSession._navigate (/tmp/playwright-java-8286698896805350339/package/lib/server/chromium/crPage.js:509:35)\n    at async Frame._gotoAction (/tmp/playwright-java-8286698896805350339/package/lib/server/frames.js:542:28)\n    at async ProgressController.run (/tmp/playwright-java-8286698896805350339/package/lib/server/progress.js:97:22)\n    at async FrameDispatcher.goto (/tmp/playwright-java-8286698896805350339/package/lib/server/dispatchers/frameDispatcher.js:75:103)\n    at async DispatcherConnection.dispatch (/tmp/playwright-java-8286698896805350339/package/lib/server/dispatchers/dispatcher.js:317:22)\n}","statusTrace":"com.microsoft.playwright.PlaywrightException: Error {\n  message='net::ERR_CONNECTION_REFUSED at https://magento.softwaretestingboard.com/\n=========================== logs ===========================\nnavigating to \"https://magento.softwaretestingboard.com/\", waiting until \"load\"\n============================================================\n  name='Error\n  stack='Error: net::ERR_CONNECTION_REFUSED at https://magento.softwaretestingboard.com/\n=========================== logs ===========================\nnavigating to \"https://magento.softwaretestingboard.com/\", waiting until \"load\"\n============================================================\n    at FrameSession._navigate (/tmp/playwright-java-8286698896805350339/package/lib/server/chromium/crPage.js:509:35)\n    at async Frame._gotoAction (/tmp/playwright-java-8286698896805350339/package/lib/server/frames.js:542:28)\n    at async ProgressController.run (/tmp/playwright-java-8286698896805350339/package/lib/server/progress.js:97:22)\n    at async FrameDispatcher.goto (/tmp/playwright-java-8286698896805350339/package/lib/server/dispatchers/frameDispatcher.js:75:103)\n    at async DispatcherConnection.dispatch (/tmp/playwright-java-8286698896805350339/package/lib/server/dispatchers/dispatcher.js:317:22)\n}\n\tat com.microsoft.playwright.impl.WaitableResult.get(WaitableResult.java:54)\n\tat com.microsoft.playwright.impl.ChannelOwner.runUntil(ChannelOwner.java:111)\n\tat com.microsoft.playwright.impl.Connection.sendMessage(Connection.java:119)\n\tat com.microsoft.playwright.impl.ChannelOwner.sendMessage(ChannelOwner.java:102)\n\tat com.microsoft.playwright.impl.FrameImpl.navigateImpl(FrameImpl.java:462)\n\tat com.microsoft.playwright.impl.PageImpl.lambda$navigate$44(PageImpl.java:845)\n\tat com.microsoft.playwright.impl.LoggingSupport.withLogging(LoggingSupport.java:47)\n\tat com.microsoft.playwright.impl.ChannelOwner.withLogging(ChannelOwner.java:87)\n\tat com.microsoft.playwright.impl.PageImpl.navigate(PageImpl.java:845)\n\tat com.microsoft.playwright.impl.PageImpl.navigate(PageImpl.java:41)\n\tat com.microsoft.playwright.Page.navigate(Page.java:4863)\n\tat org.eugens21.luma.steps.HomePageSteps.userNavigatesToPage(HomePageSteps.java:40)\n\tat ✽.user navigates to home page(file:///home/runner/work/playwright/playwright/src/test/resources/features/SearchResultsTest.feature:5)\nCaused by: com.microsoft.playwright.impl.DriverException: Error {\n  message='net::ERR_CONNECTION_REFUSED at https://magento.softwaretestingboard.com/\n=========================== logs ===========================\nnavigating to \"https://magento.softwaretestingboard.com/\", waiting until \"load\"\n============================================================\n  name='Error\n  stack='Error: net::ERR_CONNECTION_REFUSED at https://magento.softwaretestingboard.com/\n=========================== logs ===========================\nnavigating to \"https://magento.softwaretestingboard.com/\", waiting until \"load\"\n============================================================\n    at FrameSession._navigate (/tmp/playwright-java-8286698896805350339/package/lib/server/chromium/crPage.js:509:35)\n    at async Frame._gotoAction (/tmp/playwright-java-8286698896805350339/package/lib/server/frames.js:542:28)\n    at async ProgressController.run (/tmp/playwright-java-8286698896805350339/package/lib/server/progress.js:97:22)\n    at async FrameDispatcher.goto (/tmp/playwright-java-8286698896805350339/package/lib/server/dispatchers/frameDispatcher.js:75:103)\n    at async DispatcherConnection.dispatch (/tmp/playwright-java-8286698896805350339/package/lib/server/dispatchers/dispatcher.js:317:22)\n}\n\tat com.microsoft.playwright.impl.Connection.dispatch(Connection.java:201)\n\tat com.microsoft.playwright.impl.Connection.processOneMessage(Connection.java:181)\n\tat com.microsoft.playwright.impl.ChannelOwner.runUntil(ChannelOwner.java:109)\n\tat com.microsoft.playwright.impl.Connection.sendMessage(Connection.java:119)\n\tat com.microsoft.playwright.impl.ChannelOwner.sendMessage(ChannelOwner.java:102)\n\tat com.microsoft.playwright.impl.FrameImpl.navigateImpl(FrameImpl.java:462)\n\tat com.microsoft.playwright.impl.PageImpl.lambda$navigate$44(PageImpl.java:845)\n\tat com.microsoft.playwright.impl.LoggingSupport.withLogging(LoggingSupport.java:47)\n\tat com.microsoft.playwright.impl.ChannelOwner.withLogging(ChannelOwner.java:87)\n\tat com.microsoft.playwright.impl.PageImpl.navigate(PageImpl.java:845)\n\tat com.microsoft.playwright.impl.PageImpl.navigate(PageImpl.java:41)\n\tat com.microsoft.playwright.Page.navigate(Page.java:4863)\n\tat org.eugens21.luma.steps.HomePageSteps.userNavigatesToPage(HomePageSteps.java:40)\n\tat java.base/jdk.internal.reflect.NativeMethodAccessorImpl.invoke0(Native Method)\n\tat java.base/jdk.internal.reflect.NativeMethodAccessorImpl.invoke(NativeMethodAccessorImpl.java:77)\n\tat java.base/jdk.internal.reflect.DelegatingMethodAccessorImpl.invoke(DelegatingMethodAccessorImpl.java:43)\n\tat java.base/java.lang.reflect.Method.invoke(Method.java:568)\n\tat io.cucumber.java.Invoker.doInvoke(Invoker.java:66)\n\tat io.cucumber.java.Invoker.invoke(Invoker.java:24)\n\tat io.cucumber.java.AbstractGlueDefinition.invokeMethod(AbstractGlueDefinition.java:47)\n\tat io.cucumber.java.JavaStepDefinition.execute(JavaStepDefinition.java:29)\n\tat io.cucumber.core.runner.CoreStepDefinition.execute(CoreStepDefinition.java:66)\n\tat io.cucumber.core.runner.PickleStepDefinitionMatch.runStep(PickleStepDefinitionMatch.java:63)\n\tat io.cucumber.core.runner.ExecutionMode$1.execute(ExecutionMode.java:10)\n\tat io.cucumber.core.runner.TestStep.executeStep(TestStep.java:85)\n\tat io.cucumber.core.runner.TestStep.run(TestStep.java:57)\n\tat io.cucumber.core.runner.PickleStepTestStep.run(PickleStepTestStep.java:51)\n\tat io.cucumber.core.runner.TestCase.run(TestCase.java:84)\n\tat io.cucumber.core.runner.Runner.runPickle(Runner.java:75)\n\tat io.cucumber.testng.TestNGCucumberRunner.lambda$runScenario$1(TestNGCucumberRunner.java:132)\n\tat io.cucumber.core.runtime.CucumberExecutionContext.lambda$runTestCase$5(CucumberExecutionContext.java:129)\n\tat io.cucumber.core.runtime.RethrowingThrowableCollector.executeAndThrow(RethrowingThrowableCollector.java:23)\n\tat io.cucumber.core.runtime.CucumberExecutionContext.runTestCase(CucumberExecutionContext.java:129)\n\tat io.cucumber.testng.TestNGCucumberRunner.runScenario(TestNGCucumberRunner.java:129)\n\tat io.cucumber.testng.AbstractTestNGCucumberTests.runScenario(AbstractTestNGCucumberTests.java:35)\n\tat java.base/jdk.internal.reflect.NativeMethodAccessorImpl.invoke0(Native Method)\n\tat java.base/jdk.internal.reflect.NativeMethodAccessorImpl.invoke(NativeMethodAccessorImpl.java:77)\n\tat java.base/jdk.internal.reflect.DelegatingMethodAccessorImpl.invoke(DelegatingMethodAccessorImpl.java:43)\n\tat java.base/java.lang.reflect.Method.invoke(Method.java:568)\n\tat org.testng.internal.invokers.MethodInvocationHelper.invokeMethod(MethodInvocationHelper.java:139)\n\tat org.testng.internal.invokers.TestInvoker.invokeMethod(TestInvoker.java:677)\n\tat org.testng.internal.invokers.TestInvoker.invokeTestMethod(TestInvoker.java:221)\n\tat org.testng.internal.invokers.MethodRunner.runInSequence(MethodRunner.java:50)\n\tat org.testng.internal.invokers.TestInvoker$MethodInvocationAgent.invoke(TestInvoker.java:969)\n\tat org.testng.internal.invokers.TestInvoker.invokeTestMethods(TestInvoker.java:194)\n\tat org.testng.internal.invokers.TestMethodWorker.invokeTestMethods(TestMethodWorker.java:148)\n\tat org.testng.internal.invokers.TestMethodWorker.run(TestMethodWorker.java:128)\n\tat java.base/java.util.ArrayList.forEach(ArrayList.java:1511)\n\tat org.testng.TestRunner.privateRun(TestRunner.java:829)\n\tat org.testng.TestRunner.run(TestRunner.java:602)\n\tat org.testng.SuiteRunner.runTest(SuiteRunner.java:437)\n\tat org.testng.SuiteRunner.runSequentially(SuiteRunner.java:431)\n\tat org.testng.SuiteRunner.privateRun(SuiteRunner.java:391)\n\tat org.testng.SuiteRunner.run(SuiteRunner.java:330)\n\tat org.testng.SuiteRunnerWorker.runSuite(SuiteRunnerWorker.java:52)\n\tat org.testng.SuiteRunnerWorker.run(SuiteRunnerWorker.java:95)\n\tat org.testng.TestNG.runSuitesSequentially(TestNG.java:1256)\n\tat org.testng.TestNG.runSuitesLocally(TestNG.java:1176)\n\tat org.testng.TestNG.runSuites(TestNG.java:1099)\n\tat org.testng.TestNG.run(TestNG.java:1067)\n\tat org.apache.maven.surefire.testng.TestNGExecutor.run(TestNGExecutor.java:151)\n\tat org.apache.maven.surefire.testng.TestNGDirectoryTestSuite.executeSingleClass(TestNGDirectoryTestSuite.java:111)\n\tat org.apache.maven.surefire.testng.TestNGDirectoryTestSuite.execute(TestNGDirectoryTestSuite.java:98)\n\tat org.apache.maven.surefire.testng.TestNGProvider.invoke(TestNGProvider.java:155)\n\tat org.apache.maven.surefire.booter.ForkedBooter.runSuitesInProcess(ForkedBooter.java:456)\n\tat org.apache.maven.surefire.booter.ForkedBooter.execute(ForkedBooter.java:169)\n\tat org.apache.maven.surefire.booter.ForkedBooter.run(ForkedBooter.java:595)\n\tat org.apache.maven.surefire.booter.ForkedBooter.main(ForkedBooter.java:581)\n","steps":[],"attachments":[{"uid":"38adea976da1743b","name":"Screenshot 2023-02-17T11:22:02.622234956","source":"38adea976da1743b.png","type":"image/png","size":17862},{"uid":"a38fb7af41fe4bfe","name":"Step Output","source":"a38fb7af41fe4bfe.txt","type":"text/plain","size":0},{"uid":"646040531a4dc39f","name":"Error Output","source":"646040531a4dc39f.txt","type":"text/plain","size":0}],"parameters":[],"stepsCount":0,"attachmentsCount":3,"shouldDisplayMessage":true,"hasContent":true},{"name":"And  he is on home page","time":{"start":1676632922625,"stop":1676632922625,"duration":0},"status":"skipped","steps":[],"attachments":[],"parameters":[],"stepsCount":0,"attachmentsCount":0,"shouldDisplayMessage":false,"hasContent":false},{"name":"When  he search for a product with name 'shirt'","time":{"start":1676632922625,"stop":1676632922625,"duration":0},"status":"skipped","steps":[],"attachments":[],"parameters":[],"stepsCount":0,"attachmentsCount":0,"shouldDisplayMessage":false,"hasContent":false},{"name":"Then  he should see the title 'Search results for: \\'shirt\\''","time":{"start":1676632922626,"stop":1676632922626,"duration":0},"status":"skipped","steps":[],"attachments":[],"parameters":[],"stepsCount":0,"attachmentsCount":0,"shouldDisplayMessage":false,"hasContent":false},{"name":"When  he is choosing to switch to 'LIST' view","time":{"start":1676632922626,"stop":1676632922626,"duration":0},"status":"skipped","steps":[],"attachments":[],"parameters":[],"stepsCount":0,"attachmentsCount":0,"shouldDisplayMessage":false,"hasContent":false},{"name":"Then  he should see the following products:","time":{"start":1676632922626,"stop":1676632922627,"duration":1},"status":"skipped","steps":[],"attachments":[{"uid":"7e74411ed97a6b3e","name":"Data table","source":"7e74411ed97a6b3e.csv","type":"text/tab-separated-values","size":313}],"parameters":[],"stepsCount":0,"attachmentsCount":1,"shouldDisplayMessage":false,"hasContent":true}],"attachments":[],"parameters":[],"stepsCount":6,"attachmentsCount":4,"shouldDisplayMessage":false,"hasContent":true},"afterStages":[{"name":"org.eugens21.luma.hook.BrowserHooks.closePage()","time":{"start":1676632922627,"stop":1676632922652,"duration":25},"status":"passed","steps":[],"attachments":[],"parameters":[],"stepsCount":0,"attachmentsCount":0,"shouldDisplayMessage":false,"hasContent":false},{"name":"org.eugens21.luma.hook.BrowserHooks.closeTrace()","time":{"start":1676632922652,"stop":1676632922687,"duration":35},"status":"passed","steps":[],"attachments":[{"uid":"9e7fbfe74ab25799","name":"Trace","source":"9e7fbfe74ab25799.zip","type":"application/zip","size":4241}],"parameters":[],"stepsCount":0,"attachmentsCount":1,"shouldDisplayMessage":false,"hasContent":true},{"name":"org.eugens21.luma.hook.AssertionHooks.doAssertAll()","time":{"start":1676632922688,"stop":1676632922698,"duration":10},"status":"passed","steps":[],"attachments":[],"parameters":[],"stepsCount":0,"attachmentsCount":0,"shouldDisplayMessage":false,"hasContent":false}],"labels":[{"name":"tag","value":"ui"},{"name":"host","value":"fv-az502-178"},{"name":"thread","value":"2277@fv-az502-178.main(1)"},{"name":"feature","value":"Verify search functionality"},{"name":"story","value":"Verify search for an item LIST view"},{"name":"suite","value":"Verify search functionality"},{"name":"testClass","value":"Verify search for an item LIST view"},{"name":"framework","value":"cucumber4jvm"},{"name":"language","value":"java"},{"name":"gherkin_uri","value":"file:///home/runner/work/playwright/playwright/src/test/resources/features/SearchResultsTest.feature"},{"name":"package","value":"src.test.resources.features.SearchResultsTest_feature.Verify search functionality"},{"name":"resultFormat","value":"allure2"}],"parameters":[],"links":[],"hidden":false,"retry":false,"extra":{"severity":"normal","retries":[],"categories":[{"name":"Test defects","matchedStatuses":[],"flaky":false}],"tags":["ui"]},"source":"782981d7c74d6892.json","parameterValues":[]}